[ 2019-04-30T00:43:03+08:00 ] 60.191.38.78 /
INFO: [ app_init ] --START--
INFO: Run Behavior\BuildLiteBehavior [ RunTime:0.000010s ]
INFO: [ app_init ] --END-- [ RunTime:0.000246s ]
INFO: [ app_begin ] --START--
INFO: Run Behavior\ReadHtmlCacheBehavior [ RunTime:0.000338s ]
INFO: Run Behavior\CheckLangBehavior [ RunTime:0.000532s ]
INFO: [ app_begin ] --END-- [ RunTime:0.000926s ]
INFO: [ app_end ] --START--
INFO: Run Behavior\ShowPageTraceBehavior [ RunTime:0.000349s ]
INFO: [ app_end ] --END-- [ RunTime:0.000384s ]

[ 2019-04-30T02:17:07+08:00 ] 128.14.209.242 /nx8j78af1b.jsp
INFO: [ app_init ] --START--
INFO: Run Behavior\BuildLiteBehavior [ RunTime:0.000010s ]
INFO: [ app_init ] --END-- [ RunTime:0.000272s ]
INFO: [ app_begin ] --START--
INFO: Run Behavior\ReadHtmlCacheBehavior [ RunTime:0.000338s ]
INFO: Run Behavior\CheckLangBehavior [ RunTime:0.000519s ]
INFO: [ app_begin ] --END-- [ RunTime:0.000926s ]
ERR: 无法加载控制器:Nx8j78af1b

[ 2019-04-30T07:50:08+08:00 ] 61.48.187.71 /index.php/home/Personal/mine
INFO: [ app_init ] --START--
INFO: Run Behavior\BuildLiteBehavior [ RunTime:0.000011s ]
INFO: [ app_init ] --END-- [ RunTime:0.000283s ]
INFO: [ app_begin ] --START--
INFO: Run Behavior\ReadHtmlCacheBehavior [ RunTime:0.000351s ]
INFO: Run Behavior\CheckLangBehavior [ RunTime:0.000561s ]
INFO: [ app_begin ] --END-- [ RunTime:0.000968s ]
NOTIC: [8192] mysql_connect(): The mysql extension is deprecated and will be removed in the future: use mysqli or PDO instead /www/wwwroot/sys.t7c.net/ThinkPHP/Library/Think/Db/Driver/Mysql.class.php 第 52 行.
SQL: SHOW COLUMNS FROM `pa_personal` [ RunTime:0.000878s ]
SQL: SELECT `id`,`tx`,`xm`,`lxdh`,`yx`,`zjh`,`lxdz`,`qq` FROM `pa_personal` WHERE ( access_token = '' ) LIMIT 1   [ RunTime:0.000248s ]

[ 2019-04-30T07:50:08+08:00 ] 61.48.187.71 /index.php/home/Data/banner
INFO: [ app_init ] --START--
INFO: Run Behavior\BuildLiteBehavior [ RunTime:0.000017s ]
INFO: [ app_init ] --END-- [ RunTime:0.000412s ]
INFO: [ app_begin ] --START--
INFO: Run Behavior\ReadHtmlCacheBehavior [ RunTime:0.000570s ]
INFO: Run Behavior\CheckLangBehavior [ RunTime:0.000920s ]
INFO: [ app_begin ] --END-- [ RunTime:0.001575s ]
NOTIC: [8192] mysql_connect(): The mysql extension is deprecated and will be removed in the future: use mysqli or PDO instead /www/wwwroot/sys.t7c.net/ThinkPHP/Library/Think/Db/Driver/Mysql.class.php 第 52 行.
SQL: SHOW COLUMNS FROM `pa_ad` [ RunTime:0.000683s ]
SQL: SELECT * FROM `pa_ad` WHERE ( `status` = 1 )  [ RunTime:0.000190s ]

[ 2019-04-30T07:50:09+08:00 ] 61.48.187.71 /index.php/home/index/city_list
INFO: [ app_init ] --START--
INFO: Run Behavior\BuildLiteBehavior [ RunTime:0.000011s ]
INFO: [ app_init ] --END-- [ RunTime:0.000257s ]
INFO: [ app_begin ] --START--
INFO: Run Behavior\ReadHtmlCacheBehavior [ RunTime:0.000333s ]
INFO: Run Behavior\CheckLangBehavior [ RunTime:0.000543s ]
INFO: [ app_begin ] --END-- [ RunTime:0.000945s ]
NOTIC: [8192] mysql_connect(): The mysql extension is deprecated and will be removed in the future: use mysqli or PDO instead /www/wwwroot/sys.t7c.net/ThinkPHP/Library/Think/Db/Driver/Mysql.class.php 第 52 行.
SQL: SHOW COLUMNS FROM `pa_qy` [ RunTime:0.000678s ]
SQL: SELECT * FROM `pa_qy` WHERE ( pid = 13 )  [ RunTime:0.000195s ]

[ 2019-04-30T07:50:09+08:00 ] 61.48.187.71 /index.php/home/Index/recommend
INFO: [ app_init ] --START--
INFO: Run Behavior\BuildLiteBehavior [ RunTime:0.000014s ]
INFO: [ app_init ] --END-- [ RunTime:0.000371s ]
INFO: [ app_begin ] --START--
INFO: Run Behavior\ReadHtmlCacheBehavior [ RunTime:0.000513s ]
INFO: Run Behavior\CheckLangBehavior [ RunTime:0.000815s ]
INFO: [ app_begin ] --END-- [ RunTime:0.001403s ]
NOTIC: [8192] mysql_connect(): The mysql extension is deprecated and will be removed in the future: use mysqli or PDO instead /www/wwwroot/sys.t7c.net/ThinkPHP/Library/Think/Db/Driver/Mysql.class.php 第 52 行.
SQL: SHOW COLUMNS FROM `pa_judicial` [ RunTime:0.000901s ]
SQL: SELECT * FROM `pa_judicial` WHERE ( `is_recommend` = 1 ) AND ( `qy` = 13 ) LIMIT 5   [ RunTime:0.000397s ]

[ 2019-04-30T07:50:09+08:00 ] 61.48.187.71 /index.php/home/Personal/xxred
INFO: [ app_init ] --START--
INFO: Run Behavior\BuildLiteBehavior [ RunTime:0.000011s ]
INFO: [ app_init ] --END-- [ RunTime:0.000258s ]
INFO: [ app_begin ] --START--
INFO: Run Behavior\ReadHtmlCacheBehavior [ RunTime:0.000562s ]
INFO: Run Behavior\CheckLangBehavior [ RunTime:0.000554s ]
INFO: [ app_begin ] --END-- [ RunTime:0.001170s ]
NOTIC: [8192] mysql_connect(): The mysql extension is deprecated and will be removed in the future: use mysqli or PDO instead /www/wwwroot/sys.t7c.net/ThinkPHP/Library/Think/Db/Driver/Mysql.class.php 第 52 行.
SQL: SHOW COLUMNS FROM `pa_personal` [ RunTime:0.000799s ]
SQL: SELECT `id` FROM `pa_personal` WHERE ( access_token = '' ) LIMIT 1   [ RunTime:0.000197s ]
SQL: SHOW COLUMNS FROM `pa_message` [ RunTime:0.000521s ]
SQL: SELECT COUNT(*) AS tp_count FROM `pa_message` WHERE ( uid =  and status=0 ) LIMIT 1   [ RunTime:0.000096s ]
ERR: 1064:You have an error in your SQL syntax; check the manual that corresponds to your MySQL server version for the right syntax to use near 'and status=0 ) LIMIT 1' at line 1
 [ SQL语句 ] : SELECT COUNT(*) AS tp_count FROM `pa_message` WHERE ( uid =  and status=0 ) LIMIT 1  

[ 2019-04-30T07:50:09+08:00 ] 61.48.187.71 /Uploads/News/2018-11-06/5be0fa85d2a5f.png
INFO: [ app_init ] --START--
INFO: Run Behavior\BuildLiteBehavior [ RunTime:0.000014s ]
INFO: [ app_init ] --END-- [ RunTime:0.000388s ]
INFO: [ app_begin ] --START--
INFO: Run Behavior\ReadHtmlCacheBehavior [ RunTime:0.000595s ]
INFO: Run Behavior\CheckLangBehavior [ RunTime:0.000869s ]
INFO: [ app_begin ] --END-- [ RunTime:0.001551s ]
ERR: 无法加载控制器:Uploads

[ 2019-04-30T07:50:10+08:00 ] 61.48.187.71 /favicon.ico
INFO: [ app_init ] --START--
INFO: Run Behavior\BuildLiteBehavior [ RunTime:0.000010s ]
INFO: [ app_init ] --END-- [ RunTime:0.000268s ]
INFO: [ app_begin ] --START--
INFO: Run Behavior\ReadHtmlCacheBehavior [ RunTime:0.000327s ]
INFO: Run Behavior\CheckLangBehavior [ RunTime:0.018574s ]
INFO: [ app_begin ] --END-- [ RunTime:0.018960s ]
ERR: 无法加载控制器:Favicon

[ 2019-04-30T07:50:23+08:00 ] 61.48.187.71 /index.php/home/Personal/mine
INFO: [ app_init ] --START--
INFO: Run Behavior\BuildLiteBehavior [ RunTime:0.000011s ]
INFO: [ app_init ] --END-- [ RunTime:0.000258s ]
INFO: [ app_begin ] --START--
INFO: Run Behavior\ReadHtmlCacheBehavior [ RunTime:0.000332s ]
INFO: Run Behavior\CheckLangBehavior [ RunTime:0.000555s ]
INFO: [ app_begin ] --END-- [ RunTime:0.000943s ]
NOTIC: [8192] mysql_connect(): The mysql extension is deprecated and will be removed in the future: use mysqli or PDO instead /www/wwwroot/sys.t7c.net/ThinkPHP/Library/Think/Db/Driver/Mysql.class.php 第 52 行.
SQL: SHOW COLUMNS FROM `pa_personal` [ RunTime:0.000770s ]
SQL: SELECT `id`,`tx`,`xm`,`lxdh`,`yx`,`zjh`,`lxdz`,`qq` FROM `pa_personal` WHERE ( access_token = '' ) LIMIT 1   [ RunTime:0.000228s ]

[ 2019-04-30T07:50:27+08:00 ] 61.48.187.71 /index.php/home/Personal/mine
INFO: [ app_init ] --START--
INFO: Run Behavior\BuildLiteBehavior [ RunTime:0.000011s ]
INFO: [ app_init ] --END-- [ RunTime:0.000266s ]
INFO: [ app_begin ] --START--
INFO: Run Behavior\ReadHtmlCacheBehavior [ RunTime:0.000339s ]
INFO: Run Behavior\CheckLangBehavior [ RunTime:0.000542s ]
INFO: [ app_begin ] --END-- [ RunTime:0.000938s ]
NOTIC: [8192] mysql_connect(): The mysql extension is deprecated and will be removed in the future: use mysqli or PDO instead /www/wwwroot/sys.t7c.net/ThinkPHP/Library/Think/Db/Driver/Mysql.class.php 第 52 行.
SQL: SHOW COLUMNS FROM `pa_personal` [ RunTime:0.000861s ]
SQL: SELECT `id`,`tx`,`xm`,`lxdh`,`yx`,`zjh`,`lxdz`,`qq` FROM `pa_personal` WHERE ( access_token = '' ) LIMIT 1   [ RunTime:0.000243s ]

[ 2019-04-30T07:50:27+08:00 ] 61.48.187.71 /index.php/home/Data/banner
INFO: [ app_init ] --START--
INFO: Run Behavior\BuildLiteBehavior [ RunTime:0.000010s ]
INFO: [ app_init ] --END-- [ RunTime:0.000246s ]
INFO: [ app_begin ] --START--
INFO: Run Behavior\ReadHtmlCacheBehavior [ RunTime:0.000342s ]
INFO: Run Behavior\CheckLangBehavior [ RunTime:0.000535s ]
INFO: [ app_begin ] --END-- [ RunTime:0.000933s ]
NOTIC: [8192] mysql_connect(): The mysql extension is deprecated and will be removed in the future: use mysqli or PDO instead /www/wwwroot/sys.t7c.net/ThinkPHP/Library/Think/Db/Driver/Mysql.class.php 第 52 行.
SQL: SHOW COLUMNS FROM `pa_ad` [ RunTime:0.000572s ]
SQL: SELECT * FROM `pa_ad` WHERE ( `status` = 1 )  [ RunTime:0.000189s ]

[ 2019-04-30T07:50:27+08:00 ] 61.48.187.71 /index.php/home/index/city_list
INFO: [ app_init ] --START--
INFO: Run Behavior\BuildLiteBehavior [ RunTime:0.000010s ]
INFO: [ app_init ] --END-- [ RunTime:0.000250s ]
INFO: [ app_begin ] --START--
INFO: Run Behavior\ReadHtmlCacheBehavior [ RunTime:0.000327s ]
INFO: Run Behavior\CheckLangBehavior [ RunTime:0.000541s ]
INFO: [ app_begin ] --END-- [ RunTime:0.000923s ]
NOTIC: [8192] mysql_connect(): The mysql extension is deprecated and will be removed in the future: use mysqli or PDO instead /www/wwwroot/sys.t7c.net/ThinkPHP/Library/Think/Db/Driver/Mysql.class.php 第 52 行.
SQL: SHOW COLUMNS FROM `pa_qy` [ RunTime:0.000618s ]
SQL: SELECT * FROM `pa_qy` WHERE ( pid = 13 )  [ RunTime:0.000211s ]

[ 2019-04-30T07:50:27+08:00 ] 61.48.187.71 /index.php/home/Index/recommend
INFO: [ app_init ] --START--
INFO: Run Behavior\BuildLiteBehavior [ RunTime:0.000010s ]
INFO: [ app_init ] --END-- [ RunTime:0.000255s ]
INFO: [ app_begin ] --START--
INFO: Run Behavior\ReadHtmlCacheBehavior [ RunTime:0.000334s ]
INFO: Run Behavior\CheckLangBehavior [ RunTime:0.000580s ]
INFO: [ app_begin ] --END-- [ RunTime:0.000973s ]
NOTIC: [8192] mysql_connect(): The mysql extension is deprecated and will be removed in the future: use mysqli or PDO instead /www/wwwroot/sys.t7c.net/ThinkPHP/Library/Think/Db/Driver/Mysql.class.php 第 52 行.
SQL: SHOW COLUMNS FROM `pa_judicial` [ RunTime:0.000541s ]
SQL: SELECT * FROM `pa_judicial` WHERE ( `is_recommend` = 1 ) AND ( `qy` = 13 ) LIMIT 5   [ RunTime:0.000258s ]

[ 2019-04-30T07:50:27+08:00 ] 61.48.187.71 /Uploads/News/2018-11-06/5be0fa85d2a5f.png
INFO: [ app_init ] --START--
INFO: Run Behavior\BuildLiteBehavior [ RunTime:0.000014s ]
INFO: [ app_init ] --END-- [ RunTime:0.000362s ]
INFO: [ app_begin ] --START--
INFO: Run Behavior\ReadHtmlCacheBehavior [ RunTime:0.000506s ]
INFO: Run Behavior\CheckLangBehavior [ RunTime:0.000820s ]
INFO: [ app_begin ] --END-- [ RunTime:0.001420s ]
ERR: 无法加载控制器:Uploads

[ 2019-04-30T07:50:27+08:00 ] 61.48.187.71 /index.php/home/Personal/xxred
INFO: [ app_init ] --START--
INFO: Run Behavior\BuildLiteBehavior [ RunTime:0.000010s ]
INFO: [ app_init ] --END-- [ RunTime:0.000257s ]
INFO: [ app_begin ] --START--
INFO: Run Behavior\ReadHtmlCacheBehavior [ RunTime:0.000355s ]
INFO: Run Behavior\CheckLangBehavior [ RunTime:0.000542s ]
INFO: [ app_begin ] --END-- [ RunTime:0.000953s ]
NOTIC: [8192] mysql_connect(): The mysql extension is deprecated and will be removed in the future: use mysqli or PDO instead /www/wwwroot/sys.t7c.net/ThinkPHP/Library/Think/Db/Driver/Mysql.class.php 第 52 行.
SQL: SHOW COLUMNS FROM `pa_personal` [ RunTime:0.000837s ]
SQL: SELECT `id` FROM `pa_personal` WHERE ( access_token = '' ) LIMIT 1   [ RunTime:0.000227s ]
SQL: SHOW COLUMNS FROM `pa_message` [ RunTime:0.000556s ]
SQL: SELECT COUNT(*) AS tp_count FROM `pa_message` WHERE ( uid =  and status=0 ) LIMIT 1   [ RunTime:0.000124s ]
ERR: 1064:You have an error in your SQL syntax; check the manual that corresponds to your MySQL server version for the right syntax to use near 'and status=0 ) LIMIT 1' at line 1
 [ SQL语句 ] : SELECT COUNT(*) AS tp_count FROM `pa_message` WHERE ( uid =  and status=0 ) LIMIT 1  

[ 2019-04-30T07:50:29+08:00 ] 61.48.187.71 /index.php/home/Personal/mine
INFO: [ app_init ] --START--
INFO: Run Behavior\BuildLiteBehavior [ RunTime:0.000010s ]
INFO: [ app_init ] --END-- [ RunTime:0.000280s ]
INFO: [ app_begin ] --START--
INFO: Run Behavior\ReadHtmlCacheBehavior [ RunTime:0.000350s ]
INFO: Run Behavior\CheckLangBehavior [ RunTime:0.000534s ]
INFO: [ app_begin ] --END-- [ RunTime:0.000943s ]
NOTIC: [8192] mysql_connect(): The mysql extension is deprecated and will be removed in the future: use mysqli or PDO instead /www/wwwroot/sys.t7c.net/ThinkPHP/Library/Think/Db/Driver/Mysql.class.php 第 52 行.
SQL: SHOW COLUMNS FROM `pa_personal` [ RunTime:0.000856s ]
SQL: SELECT `id`,`tx`,`xm`,`lxdh`,`yx`,`zjh`,`lxdz`,`qq` FROM `pa_personal` WHERE ( access_token = '' ) LIMIT 1   [ RunTime:0.000254s ]

[ 2019-04-30T07:50:32+08:00 ] 61.48.187.71 /index.php/home/Personal/mine
INFO: [ app_init ] --START--
INFO: Run Behavior\BuildLiteBehavior [ RunTime:0.000011s ]
INFO: [ app_init ] --END-- [ RunTime:0.000248s ]
INFO: [ app_begin ] --START--
INFO: Run Behavior\ReadHtmlCacheBehavior [ RunTime:0.000323s ]
INFO: Run Behavior\CheckLangBehavior [ RunTime:0.000551s ]
INFO: [ app_begin ] --END-- [ RunTime:0.000928s ]
NOTIC: [8192] mysql_connect(): The mysql extension is deprecated and will be removed in the future: use mysqli or PDO instead /www/wwwroot/sys.t7c.net/ThinkPHP/Library/Think/Db/Driver/Mysql.class.php 第 52 行.
SQL: SHOW COLUMNS FROM `pa_personal` [ RunTime:0.000783s ]
SQL: SELECT `id`,`tx`,`xm`,`lxdh`,`yx`,`zjh`,`lxdz`,`qq` FROM `pa_personal` WHERE ( access_token = '' ) LIMIT 1   [ RunTime:0.000240s ]

[ 2019-04-30T07:50:32+08:00 ] 61.48.187.71 /index.php/home/Data/banner
INFO: [ app_init ] --START--
INFO: Run Behavior\BuildLiteBehavior [ RunTime:0.000011s ]
INFO: [ app_init ] --END-- [ RunTime:0.000256s ]
INFO: [ app_begin ] --START--
INFO: Run Behavior\ReadHtmlCacheBehavior [ RunTime:0.000350s ]
INFO: Run Behavior\CheckLangBehavior [ RunTime:0.000539s ]
INFO: [ app_begin ] --END-- [ RunTime:0.000947s ]
NOTIC: [8192] mysql_connect(): The mysql extension is deprecated and will be removed in the future: use mysqli or PDO instead /www/wwwroot/sys.t7c.net/ThinkPHP/Library/Think/Db/Driver/Mysql.class.php 第 52 行.
SQL: SHOW COLUMNS FROM `pa_ad` [ RunTime:0.000544s ]
SQL: SELECT * FROM `pa_ad` WHERE ( `status` = 1 )  [ RunTime:0.000173s ]

[ 2019-04-30T07:50:32+08:00 ] 61.48.187.71 /index.php/home/index/city_list
INFO: [ app_init ] --START--
INFO: Run Behavior\BuildLiteBehavior [ RunTime:0.000010s ]
INFO: [ app_init ] --END-- [ RunTime:0.000246s ]
INFO: [ app_begin ] --START--
INFO: Run Behavior\ReadHtmlCacheBehavior [ RunTime:0.000325s ]
INFO: Run Behavior\CheckLangBehavior [ RunTime:0.000533s ]
INFO: [ app_begin ] --END-- [ RunTime:0.000912s ]
NOTIC: [8192] mysql_connect(): The mysql extension is deprecated and will be removed in the future: use mysqli or PDO instead /www/wwwroot/sys.t7c.net/ThinkPHP/Library/Think/Db/Driver/Mysql.class.php 第 52 行.
SQL: SHOW COLUMNS FROM `pa_qy` [ RunTime:0.000523s ]
SQL: SELECT * FROM `pa_qy` WHERE ( pid = 13 )  [ RunTime:0.000182s ]

[ 2019-04-30T07:50:32+08:00 ] 61.48.187.71 /index.php/home/Index/recommend
INFO: [ app_init ] --START--
INFO: Run Behavior\BuildLiteBehavior [ RunTime:0.000011s ]
INFO: [ app_init ] --END-- [ RunTime:0.000273s ]
INFO: [ app_begin ] --START--
INFO: Run Behavior\ReadHtmlCacheBehavior [ RunTime:0.000357s ]
INFO: Run Behavior\CheckLangBehavior [ RunTime:0.000536s ]
INFO: [ app_begin ] --END-- [ RunTime:0.000949s ]
NOTIC: [8192] mysql_connect(): The mysql extension is deprecated and will be removed in the future: use mysqli or PDO instead /www/wwwroot/sys.t7c.net/ThinkPHP/Library/Think/Db/Driver/Mysql.class.php 第 52 行.
SQL: SHOW COLUMNS FROM `pa_judicial` [ RunTime:0.000572s ]
SQL: SELECT * FROM `pa_judicial` WHERE ( `is_recommend` = 1 ) AND ( `qy` = 13 ) LIMIT 5   [ RunTime:0.000287s ]

[ 2019-04-30T07:50:32+08:00 ] 61.48.187.71 /Uploads/News/2018-11-06/5be0fa85d2a5f.png
INFO: [ app_init ] --START--
INFO: Run Behavior\BuildLiteBehavior [ RunTime:0.000016s ]
INFO: [ app_init ] --END-- [ RunTime:0.000393s ]
INFO: [ app_begin ] --START--
INFO: Run Behavior\ReadHtmlCacheBehavior [ RunTime:0.000557s ]
INFO: Run Behavior\CheckLangBehavior [ RunTime:0.000862s ]
INFO: [ app_begin ] --END-- [ RunTime:0.001530s ]
ERR: 无法加载控制器:Uploads

[ 2019-04-30T07:50:32+08:00 ] 61.48.187.71 /index.php/home/Personal/xxred
INFO: [ app_init ] --START--
INFO: Run Behavior\BuildLiteBehavior [ RunTime:0.000014s ]
INFO: [ app_init ] --END-- [ RunTime:0.000406s ]
INFO: [ app_begin ] --START--
INFO: Run Behavior\ReadHtmlCacheBehavior [ RunTime:0.000521s ]
INFO: Run Behavior\CheckLangBehavior [ RunTime:0.000808s ]
INFO: [ app_begin ] --END-- [ RunTime:0.001405s ]
NOTIC: [8192] mysql_connect(): The mysql extension is deprecated and will be removed in the future: use mysqli or PDO instead /www/wwwroot/sys.t7c.net/ThinkPHP/Library/Think/Db/Driver/Mysql.class.php 第 52 行.
SQL: SHOW COLUMNS FROM `pa_personal` [ RunTime:0.000913s ]
SQL: SELECT `id` FROM `pa_personal` WHERE ( access_token = '' ) LIMIT 1   [ RunTime:0.000321s ]
SQL: SHOW COLUMNS FROM `pa_message` [ RunTime:0.000563s ]
SQL: SELECT COUNT(*) AS tp_count FROM `pa_message` WHERE ( uid =  and status=0 ) LIMIT 1   [ RunTime:0.000264s ]
ERR: 1064:You have an error in your SQL syntax; check the manual that corresponds to your MySQL server version for the right syntax to use near 'and status=0 ) LIMIT 1' at line 1
 [ SQL语句 ] : SELECT COUNT(*) AS tp_count FROM `pa_message` WHERE ( uid =  and status=0 ) LIMIT 1  

[ 2019-04-30T07:50:33+08:00 ] 61.48.187.71 /index.php/home/Personal/mine
INFO: [ app_init ] --START--
INFO: Run Behavior\BuildLiteBehavior [ RunTime:0.000011s ]
INFO: [ app_init ] --END-- [ RunTime:0.000276s ]
INFO: [ app_begin ] --START--
INFO: Run Behavior\ReadHtmlCacheBehavior [ RunTime:0.000352s ]
INFO: Run Behavior\CheckLangBehavior [ RunTime:0.000543s ]
INFO: [ app_begin ] --END-- [ RunTime:0.000952s ]
NOTIC: [8192] mysql_connect(): The mysql extension is deprecated and will be removed in the future: use mysqli or PDO instead /www/wwwroot/sys.t7c.net/ThinkPHP/Library/Think/Db/Driver/Mysql.class.php 第 52 行.
SQL: SHOW COLUMNS FROM `pa_personal` [ RunTime:0.000838s ]
SQL: SELECT `id`,`tx`,`xm`,`lxdh`,`yx`,`zjh`,`lxdz`,`qq` FROM `pa_personal` WHERE ( access_token = '' ) LIMIT 1   [ RunTime:0.000253s ]

[ 2019-04-30T07:50:34+08:00 ] 61.48.187.71 /index.php/home/Personal/xxred
INFO: [ app_init ] --START--
INFO: Run Behavior\BuildLiteBehavior [ RunTime:0.000012s ]
INFO: [ app_init ] --END-- [ RunTime:0.000259s ]
INFO: [ app_begin ] --START--
INFO: Run Behavior\ReadHtmlCacheBehavior [ RunTime:0.000332s ]
INFO: Run Behavior\CheckLangBehavior [ RunTime:0.000535s ]
INFO: [ app_begin ] --END-- [ RunTime:0.000923s ]
NOTIC: [8192] mysql_connect(): The mysql extension is deprecated and will be removed in the future: use mysqli or PDO instead /www/wwwroot/sys.t7c.net/ThinkPHP/Library/Think/Db/Driver/Mysql.class.php 第 52 行.
SQL: SHOW COLUMNS FROM `pa_personal` [ RunTime:0.000804s ]
NOTIC: [8] Undefined index: access_token /www/wwwroot/sys.t7c.net/Application/Home/Controller/PersonalController.class.php 第 19 行.
SQL: SELECT `id` FROM `pa_personal` WHERE ( access_token = '' ) LIMIT 1   [ RunTime:0.000207s ]
SQL: SHOW COLUMNS FROM `pa_message` [ RunTime:0.000559s ]
SQL: SELECT COUNT(*) AS tp_count FROM `pa_message` WHERE ( uid =  and status=0 ) LIMIT 1   [ RunTime:0.000106s ]
ERR: 1064:You have an error in your SQL syntax; check the manual that corresponds to your MySQL server version for the right syntax to use near 'and status=0 ) LIMIT 1' at line 1
 [ SQL语句 ] : SELECT COUNT(*) AS tp_count FROM `pa_message` WHERE ( uid =  and status=0 ) LIMIT 1  

[ 2019-04-30T07:50:37+08:00 ] 61.48.187.71 /index.php/home/Data/notice
INFO: [ app_init ] --START--
INFO: Run Behavior\BuildLiteBehavior [ RunTime:0.000010s ]
INFO: [ app_init ] --END-- [ RunTime:0.000249s ]
INFO: [ app_begin ] --START--
INFO: Run Behavior\ReadHtmlCacheBehavior [ RunTime:0.000340s ]
INFO: Run Behavior\CheckLangBehavior [ RunTime:0.000518s ]
INFO: [ app_begin ] --END-- [ RunTime:0.000912s ]
NOTIC: [8192] mysql_connect(): The mysql extension is deprecated and will be removed in the future: use mysqli or PDO instead /www/wwwroot/sys.t7c.net/ThinkPHP/Library/Think/Db/Driver/Mysql.class.php 第 52 行.
SQL: SHOW COLUMNS FROM `pa_notice` [ RunTime:0.000594s ]
SQL: SELECT * FROM `pa_notice` WHERE ( status=1 and type=4 ) ORDER BY ct_time desc LIMIT 1   [ RunTime:0.000190s ]

[ 2019-04-30T07:50:37+08:00 ] 61.48.187.71 /index.php/home/Personal/xxred
INFO: [ app_init ] --START--
INFO: Run Behavior\BuildLiteBehavior [ RunTime:0.000010s ]
INFO: [ app_init ] --END-- [ RunTime:0.000244s ]
INFO: [ app_begin ] --START--
INFO: Run Behavior\ReadHtmlCacheBehavior [ RunTime:0.000342s ]
INFO: Run Behavior\CheckLangBehavior [ RunTime:0.000521s ]
INFO: [ app_begin ] --END-- [ RunTime:0.000918s ]
NOTIC: [8192] mysql_connect(): The mysql extension is deprecated and will be removed in the future: use mysqli or PDO instead /www/wwwroot/sys.t7c.net/ThinkPHP/Library/Think/Db/Driver/Mysql.class.php 第 52 行.
SQL: SHOW COLUMNS FROM `pa_personal` [ RunTime:0.000884s ]
SQL: SELECT `id` FROM `pa_personal` WHERE ( access_token = '' ) LIMIT 1   [ RunTime:0.000246s ]
SQL: SHOW COLUMNS FROM `pa_message` [ RunTime:0.000617s ]
SQL: SELECT COUNT(*) AS tp_count FROM `pa_message` WHERE ( uid =  and status=0 ) LIMIT 1   [ RunTime:0.000207s ]
ERR: 1064:You have an error in your SQL syntax; check the manual that corresponds to your MySQL server version for the right syntax to use near 'and status=0 ) LIMIT 1' at line 1
 [ SQL语句 ] : SELECT COUNT(*) AS tp_count FROM `pa_message` WHERE ( uid =  and status=0 ) LIMIT 1  

[ 2019-04-30T07:50:37+08:00 ] 61.48.187.71 /index.php/home/Personal/xxred
INFO: [ app_init ] --START--
INFO: Run Behavior\BuildLiteBehavior [ RunTime:0.000010s ]
INFO: [ app_init ] --END-- [ RunTime:0.000243s ]
INFO: [ app_begin ] --START--
INFO: Run Behavior\ReadHtmlCacheBehavior [ RunTime:0.000350s ]
INFO: Run Behavior\CheckLangBehavior [ RunTime:0.000517s ]
INFO: [ app_begin ] --END-- [ RunTime:0.000920s ]
NOTIC: [8192] mysql_connect(): The mysql extension is deprecated and will be removed in the future: use mysqli or PDO instead /www/wwwroot/sys.t7c.net/ThinkPHP/Library/Think/Db/Driver/Mysql.class.php 第 52 行.
SQL: SHOW COLUMNS FROM `pa_personal` [ RunTime:0.000644s ]
SQL: SELECT `id` FROM `pa_personal` WHERE ( access_token = '' ) LIMIT 1   [ RunTime:0.000164s ]
SQL: SHOW COLUMNS FROM `pa_message` [ RunTime:0.000501s ]
SQL: SELECT COUNT(*) AS tp_count FROM `pa_message` WHERE ( uid =  and status=0 ) LIMIT 1   [ RunTime:0.000091s ]
ERR: 1064:You have an error in your SQL syntax; check the manual that corresponds to your MySQL server version for the right syntax to use near 'and status=0 ) LIMIT 1' at line 1
 [ SQL语句 ] : SELECT COUNT(*) AS tp_count FROM `pa_message` WHERE ( uid =  and status=0 ) LIMIT 1  

[ 2019-04-30T07:50:39+08:00 ] 61.48.187.71 /index.php/home/Personal/mine
INFO: [ app_init ] --START--
INFO: Run Behavior\BuildLiteBehavior [ RunTime:0.000011s ]
INFO: [ app_init ] --END-- [ RunTime:0.000253s ]
INFO: [ app_begin ] --START--
INFO: Run Behavior\ReadHtmlCacheBehavior [ RunTime:0.000332s ]
INFO: Run Behavior\CheckLangBehavior [ RunTime:0.000526s ]
INFO: [ app_begin ] --END-- [ RunTime:0.000913s ]
NOTIC: [8192] mysql_connect(): The mysql extension is deprecated and will be removed in the future: use mysqli or PDO instead /www/wwwroot/sys.t7c.net/ThinkPHP/Library/Think/Db/Driver/Mysql.class.php 第 52 行.
SQL: SHOW COLUMNS FROM `pa_personal` [ RunTime:0.000833s ]
SQL: SELECT `id`,`tx`,`xm`,`lxdh`,`yx`,`zjh`,`lxdz`,`qq` FROM `pa_personal` WHERE ( access_token = '' ) LIMIT 1   [ RunTime:0.000251s ]

[ 2019-04-30T07:50:41+08:00 ] 61.48.187.71 /index.php/home/Personal/mine
INFO: [ app_init ] --START--
INFO: Run Behavior\BuildLiteBehavior [ RunTime:0.000011s ]
INFO: [ app_init ] --END-- [ RunTime:0.000269s ]
INFO: [ app_begin ] --START--
INFO: Run Behavior\ReadHtmlCacheBehavior [ RunTime:0.000325s ]
INFO: Run Behavior\CheckLangBehavior [ RunTime:0.000542s ]
INFO: [ app_begin ] --END-- [ RunTime:0.000922s ]
NOTIC: [8192] mysql_connect(): The mysql extension is deprecated and will be removed in the future: use mysqli or PDO instead /www/wwwroot/sys.t7c.net/ThinkPHP/Library/Think/Db/Driver/Mysql.class.php 第 52 行.
SQL: SHOW COLUMNS FROM `pa_personal` [ RunTime:0.000773s ]
SQL: SELECT `id`,`tx`,`xm`,`lxdh`,`yx`,`zjh`,`lxdz`,`qq` FROM `pa_personal` WHERE ( access_token = '' ) LIMIT 1   [ RunTime:0.000224s ]

[ 2019-04-30T07:50:43+08:00 ] 61.48.187.71 /index.php/home/Data/jd_type
INFO: [ app_init ] --START--
INFO: Run Behavior\BuildLiteBehavior [ RunTime:0.000011s ]
INFO: [ app_init ] --END-- [ RunTime:0.000261s ]
INFO: [ app_begin ] --START--
INFO: Run Behavior\ReadHtmlCacheBehavior [ RunTime:0.000331s ]
INFO: Run Behavior\CheckLangBehavior [ RunTime:0.000540s ]
INFO: [ app_begin ] --END-- [ RunTime:0.000945s ]
NOTIC: [8] Undefined index: id /www/wwwroot/sys.t7c.net/Application/Home/Controller/DataController.class.php 第 144 行.
NOTIC: [8192] mysql_connect(): The mysql extension is deprecated and will be removed in the future: use mysqli or PDO instead /www/wwwroot/sys.t7c.net/ThinkPHP/Library/Think/Db/Driver/Mysql.class.php 第 52 行.
SQL: SHOW COLUMNS FROM `pa_jd_type` [ RunTime:0.000687s ]
SQL: SELECT * FROM `pa_jd_type` WHERE ( status=1 )  [ RunTime:0.000317s ]

[ 2019-04-30T07:50:43+08:00 ] 61.48.187.71 /index.php/home/Data/area
INFO: [ app_init ] --START--
INFO: Run Behavior\BuildLiteBehavior [ RunTime:0.000010s ]
INFO: [ app_init ] --END-- [ RunTime:0.000248s ]
INFO: [ app_begin ] --START--
INFO: Run Behavior\ReadHtmlCacheBehavior [ RunTime:0.000347s ]
INFO: Run Behavior\CheckLangBehavior [ RunTime:0.000523s ]
INFO: [ app_begin ] --END-- [ RunTime:0.000924s ]
NOTIC: [8192] mysql_connect(): The mysql extension is deprecated and will be removed in the future: use mysqli or PDO instead /www/wwwroot/sys.t7c.net/ThinkPHP/Library/Think/Db/Driver/Mysql.class.php 第 52 行.
SQL: SHOW COLUMNS FROM `pa_qy` [ RunTime:0.000551s ]
SQL: SELECT * FROM `pa_qy` WHERE ( `pid` <> 0 )  [ RunTime:0.000180s ]

[ 2019-04-30T07:50:43+08:00 ] 61.48.187.71 /index.php/home/Personal/mine
INFO: [ app_init ] --START--
INFO: Run Behavior\BuildLiteBehavior [ RunTime:0.000010s ]
INFO: [ app_init ] --END-- [ RunTime:0.000262s ]
INFO: [ app_begin ] --START--
INFO: Run Behavior\ReadHtmlCacheBehavior [ RunTime:0.000319s ]
INFO: Run Behavior\CheckLangBehavior [ RunTime:0.000538s ]
INFO: [ app_begin ] --END-- [ RunTime:0.000910s ]
NOTIC: [8192] mysql_connect(): The mysql extension is deprecated and will be removed in the future: use mysqli or PDO instead /www/wwwroot/sys.t7c.net/ThinkPHP/Library/Think/Db/Driver/Mysql.class.php 第 52 行.
SQL: SHOW COLUMNS FROM `pa_personal` [ RunTime:0.000640s ]
SQL: SELECT `id`,`tx`,`xm`,`lxdh`,`yx`,`zjh`,`lxdz`,`qq` FROM `pa_personal` WHERE ( access_token = '' ) LIMIT 1   [ RunTime:0.000213s ]

[ 2019-04-30T07:50:43+08:00 ] 61.48.187.71 /index.php/home/Personal/xxred
INFO: [ app_init ] --START--
INFO: Run Behavior\BuildLiteBehavior [ RunTime:0.000010s ]
INFO: [ app_init ] --END-- [ RunTime:0.000323s ]
INFO: [ app_begin ] --START--
INFO: Run Behavior\ReadHtmlCacheBehavior [ RunTime:0.000322s ]
INFO: Run Behavior\CheckLangBehavior [ RunTime:0.000538s ]
INFO: [ app_begin ] --END-- [ RunTime:0.000913s ]
NOTIC: [8192] mysql_connect(): The mysql extension is deprecated and will be removed in the future: use mysqli or PDO instead /www/wwwroot/sys.t7c.net/ThinkPHP/Library/Think/Db/Driver/Mysql.class.php 第 52 行.
SQL: SHOW COLUMNS FROM `pa_personal` [ RunTime:0.000692s ]
SQL: SELECT `id` FROM `pa_personal` WHERE ( access_token = '' ) LIMIT 1   [ RunTime:0.000174s ]
SQL: SHOW COLUMNS FROM `pa_message` [ RunTime:0.000487s ]
SQL: SELECT COUNT(*) AS tp_count FROM `pa_message` WHERE ( uid =  and status=0 ) LIMIT 1   [ RunTime:0.000096s ]
ERR: 1064:You have an error in your SQL syntax; check the manual that corresponds to your MySQL server version for the right syntax to use near 'and status=0 ) LIMIT 1' at line 1
 [ SQL语句 ] : SELECT COUNT(*) AS tp_count FROM `pa_message` WHERE ( uid =  and status=0 ) LIMIT 1  

[ 2019-04-30T07:51:18+08:00 ] 61.48.187.71 /index.php/home/Data/notice
INFO: [ app_init ] --START--
INFO: Run Behavior\BuildLiteBehavior [ RunTime:0.000012s ]
INFO: [ app_init ] --END-- [ RunTime:0.000255s ]
INFO: [ app_begin ] --START--
INFO: Run Behavior\ReadHtmlCacheBehavior [ RunTime:0.000330s ]
INFO: Run Behavior\CheckLangBehavior [ RunTime:0.000541s ]
INFO: [ app_begin ] --END-- [ RunTime:0.000926s ]
NOTIC: [8192] mysql_connect(): The mysql extension is deprecated and will be removed in the future: use mysqli or PDO instead /www/wwwroot/sys.t7c.net/ThinkPHP/Library/Think/Db/Driver/Mysql.class.php 第 52 行.
SQL: SHOW COLUMNS FROM `pa_notice` [ RunTime:0.000679s ]
SQL: SELECT * FROM `pa_notice` WHERE ( status=1 and type=4 ) ORDER BY ct_time desc LIMIT 1   [ RunTime:0.000181s ]

[ 2019-04-30T07:51:18+08:00 ] 61.48.187.71 /index.php/home/Personal/xxred
INFO: [ app_init ] --START--
INFO: Run Behavior\BuildLiteBehavior [ RunTime:0.000010s ]
INFO: [ app_init ] --END-- [ RunTime:0.000262s ]
INFO: [ app_begin ] --START--
INFO: Run Behavior\ReadHtmlCacheBehavior [ RunTime:0.000347s ]
INFO: Run Behavior\CheckLangBehavior [ RunTime:0.000529s ]
INFO: [ app_begin ] --END-- [ RunTime:0.000932s ]
NOTIC: [8192] mysql_connect(): The mysql extension is deprecated and will be removed in the future: use mysqli or PDO instead /www/wwwroot/sys.t7c.net/ThinkPHP/Library/Think/Db/Driver/Mysql.class.php 第 52 行.
SQL: SHOW COLUMNS FROM `pa_personal` [ RunTime:0.000685s ]
SQL: SELECT `id` FROM `pa_personal` WHERE ( access_token = '' ) LIMIT 1   [ RunTime:0.011233s ]
SQL: SHOW COLUMNS FROM `pa_message` [ RunTime:0.000498s ]
SQL: SELECT COUNT(*) AS tp_count FROM `pa_message` WHERE ( uid =  and status=0 ) LIMIT 1   [ RunTime:0.000113s ]
ERR: 1064:You have an error in your SQL syntax; check the manual that corresponds to your MySQL server version for the right syntax to use near 'and status=0 ) LIMIT 1' at line 1
 [ SQL语句 ] : SELECT COUNT(*) AS tp_count FROM `pa_message` WHERE ( uid =  and status=0 ) LIMIT 1  

[ 2019-04-30T07:51:18+08:00 ] 61.48.187.71 /index.php/home/Personal/xxred
INFO: [ app_init ] --START--
INFO: Run Behavior\BuildLiteBehavior [ RunTime:0.000009s ]
INFO: [ app_init ] --END-- [ RunTime:0.000243s ]
INFO: [ app_begin ] --START--
INFO: Run Behavior\ReadHtmlCacheBehavior [ RunTime:0.000341s ]
INFO: Run Behavior\CheckLangBehavior [ RunTime:0.002691s ]
INFO: [ app_begin ] --END-- [ RunTime:0.003087s ]
NOTIC: [8192] mysql_connect(): The mysql extension is deprecated and will be removed in the future: use mysqli or PDO instead /www/wwwroot/sys.t7c.net/ThinkPHP/Library/Think/Db/Driver/Mysql.class.php 第 52 行.
SQL: SHOW COLUMNS FROM `pa_personal` [ RunTime:0.000633s ]
SQL: SELECT `id` FROM `pa_personal` WHERE ( access_token = '' ) LIMIT 1   [ RunTime:0.000162s ]
SQL: SHOW COLUMNS FROM `pa_message` [ RunTime:0.000481s ]
SQL: SELECT COUNT(*) AS tp_count FROM `pa_message` WHERE ( uid =  and status=0 ) LIMIT 1   [ RunTime:0.000094s ]
ERR: 1064:You have an error in your SQL syntax; check the manual that corresponds to your MySQL server version for the right syntax to use near 'and status=0 ) LIMIT 1' at line 1
 [ SQL语句 ] : SELECT COUNT(*) AS tp_count FROM `pa_message` WHERE ( uid =  and status=0 ) LIMIT 1  

[ 2019-04-30T07:51:26+08:00 ] 61.48.187.71 /index.php/home/Personal/xxred
INFO: [ app_init ] --START--
INFO: Run Behavior\BuildLiteBehavior [ RunTime:0.000011s ]
INFO: [ app_init ] --END-- [ RunTime:0.000254s ]
INFO: [ app_begin ] --START--
INFO: Run Behavior\ReadHtmlCacheBehavior [ RunTime:0.000329s ]
INFO: Run Behavior\CheckLangBehavior [ RunTime:0.000544s ]
INFO: [ app_begin ] --END-- [ RunTime:0.000927s ]
NOTIC: [8192] mysql_connect(): The mysql extension is deprecated and will be removed in the future: use mysqli or PDO instead /www/wwwroot/sys.t7c.net/ThinkPHP/Library/Think/Db/Driver/Mysql.class.php 第 52 行.
SQL: SHOW COLUMNS FROM `pa_personal` [ RunTime:0.000787s ]
NOTIC: [8] Undefined index: access_token /www/wwwroot/sys.t7c.net/Application/Home/Controller/PersonalController.class.php 第 19 行.
SQL: SELECT `id` FROM `pa_personal` WHERE ( access_token = '' ) LIMIT 1   [ RunTime:0.000198s ]
SQL: SHOW COLUMNS FROM `pa_message` [ RunTime:0.000507s ]
SQL: SELECT COUNT(*) AS tp_count FROM `pa_message` WHERE ( uid =  and status=0 ) LIMIT 1   [ RunTime:0.000096s ]
ERR: 1064:You have an error in your SQL syntax; check the manual that corresponds to your MySQL server version for the right syntax to use near 'and status=0 ) LIMIT 1' at line 1
 [ SQL语句 ] : SELECT COUNT(*) AS tp_count FROM `pa_message` WHERE ( uid =  and status=0 ) LIMIT 1  

[ 2019-04-30T07:51:26+08:00 ] 61.48.187.71 /index.php/home/Personal/mine
INFO: [ app_init ] --START--
INFO: Run Behavior\BuildLiteBehavior [ RunTime:0.000010s ]
INFO: [ app_init ] --END-- [ RunTime:0.000252s ]
INFO: [ app_begin ] --START--
INFO: Run Behavior\ReadHtmlCacheBehavior [ RunTime:0.000326s ]
INFO: Run Behavior\CheckLangBehavior [ RunTime:0.000543s ]
INFO: [ app_begin ] --END-- [ RunTime:0.000924s ]
NOTIC: [8192] mysql_connect(): The mysql extension is deprecated and will be removed in the future: use mysqli or PDO instead /www/wwwroot/sys.t7c.net/ThinkPHP/Library/Think/Db/Driver/Mysql.class.php 第 52 行.
SQL: SHOW COLUMNS FROM `pa_personal` [ RunTime:0.000770s ]
SQL: SELECT `id`,`tx`,`xm`,`lxdh`,`yx`,`zjh`,`lxdz`,`qq` FROM `pa_personal` WHERE ( access_token = '' ) LIMIT 1   [ RunTime:0.000235s ]

[ 2019-04-30T07:51:26+08:00 ] 61.48.187.71 /index.php/home/Data/banner
INFO: [ app_init ] --START--
INFO: Run Behavior\BuildLiteBehavior [ RunTime:0.000010s ]
INFO: [ app_init ] --END-- [ RunTime:0.000246s ]
INFO: [ app_begin ] --START--
INFO: Run Behavior\ReadHtmlCacheBehavior [ RunTime:0.000333s ]
INFO: Run Behavior\CheckLangBehavior [ RunTime:0.000543s ]
INFO: [ app_begin ] --END-- [ RunTime:0.000954s ]
NOTIC: [8192] mysql_connect(): The mysql extension is deprecated and will be removed in the future: use mysqli or PDO instead /www/wwwroot/sys.t7c.net/ThinkPHP/Library/Think/Db/Driver/Mysql.class.php 第 52 行.
SQL: SHOW COLUMNS FROM `pa_ad` [ RunTime:0.000526s ]
SQL: SELECT * FROM `pa_ad` WHERE ( `status` = 1 )  [ RunTime:0.000175s ]

[ 2019-04-30T07:51:27+08:00 ] 61.48.187.71 /index.php/home/Index/recommend
INFO: [ app_init ] --START--
INFO: Run Behavior\BuildLiteBehavior [ RunTime:0.000010s ]
INFO: [ app_init ] --END-- [ RunTime:0.000250s ]
INFO: [ app_begin ] --START--
INFO: Run Behavior\ReadHtmlCacheBehavior [ RunTime:0.000326s ]
INFO: Run Behavior\CheckLangBehavior [ RunTime:0.000538s ]
INFO: [ app_begin ] --END-- [ RunTime:0.000919s ]
NOTIC: [8192] mysql_connect(): The mysql extension is deprecated and will be removed in the future: use mysqli or PDO instead /www/wwwroot/sys.t7c.net/ThinkPHP/Library/Think/Db/Driver/Mysql.class.php 第 52 行.
SQL: SHOW COLUMNS FROM `pa_judicial` [ RunTime:0.000693s ]
SQL: SELECT * FROM `pa_judicial` WHERE ( `is_recommend` = 1 ) AND ( `qy` = 13 ) LIMIT 5   [ RunTime:0.000305s ]

[ 2019-04-30T07:51:27+08:00 ] 61.48.187.71 /index.php/home/index/city_list
INFO: [ app_init ] --START--
INFO: Run Behavior\BuildLiteBehavior [ RunTime:0.000010s ]
INFO: [ app_init ] --END-- [ RunTime:0.000246s ]
INFO: [ app_begin ] --START--
INFO: Run Behavior\ReadHtmlCacheBehavior [ RunTime:0.000324s ]
INFO: Run Behavior\CheckLangBehavior [ RunTime:0.000544s ]
INFO: [ app_begin ] --END-- [ RunTime:0.000922s ]
NOTIC: [8192] mysql_connect(): The mysql extension is deprecated and will be removed in the future: use mysqli or PDO instead /www/wwwroot/sys.t7c.net/ThinkPHP/Library/Think/Db/Driver/Mysql.class.php 第 52 行.
SQL: SHOW COLUMNS FROM `pa_qy` [ RunTime:0.001202s ]
SQL: SELECT * FROM `pa_qy` WHERE ( pid = 13 )  [ RunTime:0.000190s ]

[ 2019-04-30T07:51:27+08:00 ] 61.48.187.71 /Uploads/News/2018-11-06/5be0fa85d2a5f.png
INFO: [ app_init ] --START--
INFO: Run Behavior\BuildLiteBehavior [ RunTime:0.000011s ]
INFO: [ app_init ] --END-- [ RunTime:0.000264s ]
INFO: [ app_begin ] --START--
INFO: Run Behavior\ReadHtmlCacheBehavior [ RunTime:0.000993s ]
INFO: Run Behavior\CheckLangBehavior [ RunTime:0.000569s ]
INFO: [ app_begin ] --END-- [ RunTime:0.001620s ]
ERR: 无法加载控制器:Uploads

[ 2019-04-30T07:51:27+08:00 ] 61.48.187.71 /index.php/home/Personal/xxred
INFO: [ app_init ] --START--
INFO: Run Behavior\BuildLiteBehavior [ RunTime:0.000010s ]
INFO: [ app_init ] --END-- [ RunTime:0.000251s ]
INFO: [ app_begin ] --START--
INFO: Run Behavior\ReadHtmlCacheBehavior [ RunTime:0.000347s ]
INFO: Run Behavior\CheckLangBehavior [ RunTime:0.000543s ]
INFO: [ app_begin ] --END-- [ RunTime:0.000945s ]
NOTIC: [8192] mysql_connect(): The mysql extension is deprecated and will be removed in the future: use mysqli or PDO instead /www/wwwroot/sys.t7c.net/ThinkPHP/Library/Think/Db/Driver/Mysql.class.php 第 52 行.
SQL: SHOW COLUMNS FROM `pa_personal` [ RunTime:0.000790s ]
SQL: SELECT `id` FROM `pa_personal` WHERE ( access_token = '' ) LIMIT 1   [ RunTime:0.000466s ]
SQL: SHOW COLUMNS FROM `pa_message` [ RunTime:0.000521s ]
SQL: SELECT COUNT(*) AS tp_count FROM `pa_message` WHERE ( uid =  and status=0 ) LIMIT 1   [ RunTime:0.000095s ]
ERR: 1064:You have an error in your SQL syntax; check the manual that corresponds to your MySQL server version for the right syntax to use near 'and status=0 ) LIMIT 1' at line 1
 [ SQL语句 ] : SELECT COUNT(*) AS tp_count FROM `pa_message` WHERE ( uid =  and status=0 ) LIMIT 1  

[ 2019-04-30T07:51:27+08:00 ] 61.48.187.71 /index.php/home/Data/banner
INFO: [ app_init ] --START--
INFO: Run Behavior\BuildLiteBehavior [ RunTime:0.000011s ]
INFO: [ app_init ] --END-- [ RunTime:0.000255s ]
INFO: [ app_begin ] --START--
INFO: Run Behavior\ReadHtmlCacheBehavior [ RunTime:0.000333s ]
INFO: Run Behavior\CheckLangBehavior [ RunTime:0.000546s ]
INFO: [ app_begin ] --END-- [ RunTime:0.000933s ]
NOTIC: [8192] mysql_connect(): The mysql extension is deprecated and will be removed in the future: use mysqli or PDO instead /www/wwwroot/sys.t7c.net/ThinkPHP/Library/Think/Db/Driver/Mysql.class.php 第 52 行.
SQL: SHOW COLUMNS FROM `pa_ad` [ RunTime:0.000740s ]
SQL: SELECT * FROM `pa_ad` WHERE ( `status` = 1 )  [ RunTime:0.001305s ]

[ 2019-04-30T07:51:27+08:00 ] 61.48.187.71 /index.php/home/Personal/mine
INFO: [ app_init ] --START--
INFO: Run Behavior\BuildLiteBehavior [ RunTime:0.000010s ]
INFO: [ app_init ] --END-- [ RunTime:0.000244s ]
INFO: [ app_begin ] --START--
INFO: Run Behavior\ReadHtmlCacheBehavior [ RunTime:0.000324s ]
INFO: Run Behavior\CheckLangBehavior [ RunTime:0.000696s ]
INFO: [ app_begin ] --END-- [ RunTime:0.001074s ]
NOTIC: [8192] mysql_connect(): The mysql extension is deprecated and will be removed in the future: use mysqli or PDO instead /www/wwwroot/sys.t7c.net/ThinkPHP/Library/Think/Db/Driver/Mysql.class.php 第 52 行.
SQL: SHOW COLUMNS FROM `pa_personal` [ RunTime:0.000634s ]
SQL: SELECT `id`,`tx`,`xm`,`lxdh`,`yx`,`zjh`,`lxdz`,`qq` FROM `pa_personal` WHERE ( access_token = '' ) LIMIT 1   [ RunTime:0.000231s ]

[ 2019-04-30T07:51:28+08:00 ] 61.48.187.71 /index.php/home/Index/recommend
INFO: [ app_init ] --START--
INFO: Run Behavior\BuildLiteBehavior [ RunTime:0.000009s ]
INFO: [ app_init ] --END-- [ RunTime:0.000268s ]
INFO: [ app_begin ] --START--
INFO: Run Behavior\ReadHtmlCacheBehavior [ RunTime:0.000332s ]
INFO: Run Behavior\CheckLangBehavior [ RunTime:0.000548s ]
INFO: [ app_begin ] --END-- [ RunTime:0.000934s ]
NOTIC: [8192] mysql_connect(): The mysql extension is deprecated and will be removed in the future: use mysqli or PDO instead /www/wwwroot/sys.t7c.net/ThinkPHP/Library/Think/Db/Driver/Mysql.class.php 第 52 行.
SQL: SHOW COLUMNS FROM `pa_judicial` [ RunTime:0.000540s ]
SQL: SELECT * FROM `pa_judicial` WHERE ( `is_recommend` = 1 ) AND ( `qy` = 13 ) LIMIT 5   [ RunTime:0.000255s ]

[ 2019-04-30T07:51:28+08:00 ] 61.48.187.71 /index.php/home/index/city_list
INFO: [ app_init ] --START--
INFO: Run Behavior\BuildLiteBehavior [ RunTime:0.000010s ]
INFO: [ app_init ] --END-- [ RunTime:0.000246s ]
INFO: [ app_begin ] --START--
INFO: Run Behavior\ReadHtmlCacheBehavior [ RunTime:0.000346s ]
INFO: Run Behavior\CheckLangBehavior [ RunTime:0.000527s ]
INFO: [ app_begin ] --END-- [ RunTime:0.000928s ]
NOTIC: [8192] mysql_connect(): The mysql extension is deprecated and will be removed in the future: use mysqli or PDO instead /www/wwwroot/sys.t7c.net/ThinkPHP/Library/Think/Db/Driver/Mysql.class.php 第 52 行.
SQL: SHOW COLUMNS FROM `pa_qy` [ RunTime:0.000485s ]
SQL: SELECT * FROM `pa_qy` WHERE ( pid = 13 )  [ RunTime:0.000172s ]

[ 2019-04-30T07:51:28+08:00 ] 61.48.187.71 /index.php/home/Personal/xxred
INFO: [ app_init ] --START--
INFO: Run Behavior\BuildLiteBehavior [ RunTime:0.000010s ]
INFO: [ app_init ] --END-- [ RunTime:0.000256s ]
INFO: [ app_begin ] --START--
INFO: Run Behavior\ReadHtmlCacheBehavior [ RunTime:0.000337s ]
INFO: Run Behavior\CheckLangBehavior [ RunTime:0.000539s ]
INFO: [ app_begin ] --END-- [ RunTime:0.000928s ]
NOTIC: [8192] mysql_connect(): The mysql extension is deprecated and will be removed in the future: use mysqli or PDO instead /www/wwwroot/sys.t7c.net/ThinkPHP/Library/Think/Db/Driver/Mysql.class.php 第 52 行.
SQL: SHOW COLUMNS FROM `pa_personal` [ RunTime:0.000627s ]
SQL: SELECT `id` FROM `pa_personal` WHERE ( access_token = '' ) LIMIT 1   [ RunTime:0.000175s ]
SQL: SHOW COLUMNS FROM `pa_message` [ RunTime:0.000485s ]
SQL: SELECT COUNT(*) AS tp_count FROM `pa_message` WHERE ( uid =  and status=0 ) LIMIT 1   [ RunTime:0.000096s ]
ERR: 1064:You have an error in your SQL syntax; check the manual that corresponds to your MySQL server version for the right syntax to use near 'and status=0 ) LIMIT 1' at line 1
 [ SQL语句 ] : SELECT COUNT(*) AS tp_count FROM `pa_message` WHERE ( uid =  and status=0 ) LIMIT 1  

[ 2019-04-30T07:51:28+08:00 ] 61.48.187.71 /Uploads/News/2018-11-06/5be0fa85d2a5f.png
INFO: [ app_init ] --START--
INFO: Run Behavior\BuildLiteBehavior [ RunTime:0.000010s ]
INFO: [ app_init ] --END-- [ RunTime:0.000252s ]
INFO: [ app_begin ] --START--
INFO: Run Behavior\ReadHtmlCacheBehavior [ RunTime:0.000327s ]
INFO: Run Behavior\CheckLangBehavior [ RunTime:0.000534s ]
INFO: [ app_begin ] --END-- [ RunTime:0.000915s ]
ERR: 无法加载控制器:Uploads

[ 2019-04-30T07:51:28+08:00 ] 61.48.187.71 /index.php/home/Personal/mine
INFO: [ app_init ] --START--
INFO: Run Behavior\BuildLiteBehavior [ RunTime:0.000010s ]
INFO: [ app_init ] --END-- [ RunTime:0.000264s ]
INFO: [ app_begin ] --START--
INFO: Run Behavior\ReadHtmlCacheBehavior [ RunTime:0.000376s ]
INFO: Run Behavior\CheckLangBehavior [ RunTime:0.011590s ]
INFO: [ app_begin ] --END-- [ RunTime:0.012021s ]
NOTIC: [8192] mysql_connect(): The mysql extension is deprecated and will be removed in the future: use mysqli or PDO instead /www/wwwroot/sys.t7c.net/ThinkPHP/Library/Think/Db/Driver/Mysql.class.php 第 52 行.
SQL: SHOW COLUMNS FROM `pa_personal` [ RunTime:0.000793s ]
SQL: SELECT `id`,`tx`,`xm`,`lxdh`,`yx`,`zjh`,`lxdz`,`qq` FROM `pa_personal` WHERE ( access_token = '' ) LIMIT 1   [ RunTime:0.000245s ]

[ 2019-04-30T07:51:28+08:00 ] 61.48.187.71 /index.php/home/Data/banner
INFO: [ app_init ] --START--
INFO: Run Behavior\BuildLiteBehavior [ RunTime:0.000010s ]
INFO: [ app_init ] --END-- [ RunTime:0.000253s ]
INFO: [ app_begin ] --START--
INFO: Run Behavior\ReadHtmlCacheBehavior [ RunTime:0.029933s ]
INFO: Run Behavior\CheckLangBehavior [ RunTime:0.000560s ]
INFO: [ app_begin ] --END-- [ RunTime:0.030551s ]
NOTIC: [8192] mysql_connect(): The mysql extension is deprecated and will be removed in the future: use mysqli or PDO instead /www/wwwroot/sys.t7c.net/ThinkPHP/Library/Think/Db/Driver/Mysql.class.php 第 52 行.
SQL: SHOW COLUMNS FROM `pa_ad` [ RunTime:0.000626s ]
SQL: SELECT * FROM `pa_ad` WHERE ( `status` = 1 )  [ RunTime:0.000203s ]

[ 2019-04-30T07:51:28+08:00 ] 61.48.187.71 /index.php/home/index/city_list
INFO: [ app_init ] --START--
INFO: Run Behavior\BuildLiteBehavior [ RunTime:0.000010s ]
INFO: [ app_init ] --END-- [ RunTime:0.000246s ]
INFO: [ app_begin ] --START--
INFO: Run Behavior\ReadHtmlCacheBehavior [ RunTime:0.000330s ]
INFO: Run Behavior\CheckLangBehavior [ RunTime:0.000555s ]
INFO: [ app_begin ] --END-- [ RunTime:0.000940s ]
NOTIC: [8192] mysql_connect(): The mysql extension is deprecated and will be removed in the future: use mysqli or PDO instead /www/wwwroot/sys.t7c.net/ThinkPHP/Library/Think/Db/Driver/Mysql.class.php 第 52 行.
SQL: SHOW COLUMNS FROM `pa_qy` [ RunTime:0.000662s ]
SQL: SELECT * FROM `pa_qy` WHERE ( pid = 13 )  [ RunTime:0.000207s ]

[ 2019-04-30T07:51:28+08:00 ] 61.48.187.71 /index.php/home/Index/recommend
INFO: [ app_init ] --START--
INFO: Run Behavior\BuildLiteBehavior [ RunTime:0.000011s ]
INFO: [ app_init ] --END-- [ RunTime:0.000248s ]
INFO: [ app_begin ] --START--
INFO: Run Behavior\ReadHtmlCacheBehavior [ RunTime:0.000346s ]
INFO: Run Behavior\CheckLangBehavior [ RunTime:0.000525s ]
INFO: [ app_begin ] --END-- [ RunTime:0.000927s ]
NOTIC: [8192] mysql_connect(): The mysql extension is deprecated and will be removed in the future: use mysqli or PDO instead /www/wwwroot/sys.t7c.net/ThinkPHP/Library/Think/Db/Driver/Mysql.class.php 第 52 行.
SQL: SHOW COLUMNS FROM `pa_judicial` [ RunTime:0.000611s ]
SQL: SELECT * FROM `pa_judicial` WHERE ( `is_recommend` = 1 ) AND ( `qy` = 13 ) LIMIT 5   [ RunTime:0.000275s ]

[ 2019-04-30T07:51:29+08:00 ] 61.48.187.71 /Uploads/News/2018-11-06/5be0fa85d2a5f.png
INFO: [ app_init ] --START--
INFO: Run Behavior\BuildLiteBehavior [ RunTime:0.000010s ]
INFO: [ app_init ] --END-- [ RunTime:0.000247s ]
INFO: [ app_begin ] --START--
INFO: Run Behavior\ReadHtmlCacheBehavior [ RunTime:0.000329s ]
INFO: Run Behavior\CheckLangBehavior [ RunTime:0.000541s ]
INFO: [ app_begin ] --END-- [ RunTime:0.000925s ]
ERR: 无法加载控制器:Uploads

[ 2019-04-30T07:51:29+08:00 ] 61.48.187.71 /index.php/home/Personal/xxred
INFO: [ app_init ] --START--
INFO: Run Behavior\BuildLiteBehavior [ RunTime:0.000010s ]
INFO: [ app_init ] --END-- [ RunTime:0.000245s ]
INFO: [ app_begin ] --START--
INFO: Run Behavior\ReadHtmlCacheBehavior [ RunTime:0.000352s ]
INFO: Run Behavior\CheckLangBehavior [ RunTime:0.000541s ]
INFO: [ app_begin ] --END-- [ RunTime:0.000948s ]
NOTIC: [8192] mysql_connect(): The mysql extension is deprecated and will be removed in the future: use mysqli or PDO instead /www/wwwroot/sys.t7c.net/ThinkPHP/Library/Think/Db/Driver/Mysql.class.php 第 52 行.
SQL: SHOW COLUMNS FROM `pa_personal` [ RunTime:0.000790s ]
SQL: SELECT `id` FROM `pa_personal` WHERE ( access_token = '' ) LIMIT 1   [ RunTime:0.000214s ]
SQL: SHOW COLUMNS FROM `pa_message` [ RunTime:0.000491s ]
SQL: SELECT COUNT(*) AS tp_count FROM `pa_message` WHERE ( uid =  and status=0 ) LIMIT 1   [ RunTime:0.000095s ]
ERR: 1064:You have an error in your SQL syntax; check the manual that corresponds to your MySQL server version for the right syntax to use near 'and status=0 ) LIMIT 1' at line 1
 [ SQL语句 ] : SELECT COUNT(*) AS tp_count FROM `pa_message` WHERE ( uid =  and status=0 ) LIMIT 1  

[ 2019-04-30T10:23:17+08:00 ] 192.168.9.39 /hp/device/InternalPages/Index?id=ConfigurationPage
INFO: [ app_init ] --START--
INFO: Run Behavior\BuildLiteBehavior [ RunTime:0.000010s ]
INFO: [ app_init ] --END-- [ RunTime:0.000258s ]
INFO: [ app_begin ] --START--
INFO: Run Behavior\ReadHtmlCacheBehavior [ RunTime:0.000322s ]
INFO: Run Behavior\CheckLangBehavior [ RunTime:0.000504s ]
INFO: [ app_begin ] --END-- [ RunTime:0.000899s ]
ERR: 无法加载控制器:Hp

[ 2019-04-30T11:25:37+08:00 ] 184.105.247.194 /
INFO: [ app_init ] --START--
INFO: Run Behavior\BuildLiteBehavior [ RunTime:0.000010s ]
INFO: [ app_init ] --END-- [ RunTime:0.000251s ]
INFO: [ app_begin ] --START--
INFO: Run Behavior\ReadHtmlCacheBehavior [ RunTime:0.000359s ]
INFO: Run Behavior\CheckLangBehavior [ RunTime:0.000519s ]
INFO: [ app_begin ] --END-- [ RunTime:0.000935s ]
INFO: [ app_end ] --START--
INFO: Run Behavior\ShowPageTraceBehavior [ RunTime:0.000364s ]
INFO: [ app_end ] --END-- [ RunTime:0.000400s ]

[ 2019-04-30T12:52:08+08:00 ] 51.38.12.13 /
INFO: [ app_init ] --START--
INFO: Run Behavior\BuildLiteBehavior [ RunTime:0.000011s ]
INFO: [ app_init ] --END-- [ RunTime:0.000270s ]
INFO: [ app_begin ] --START--
INFO: Run Behavior\ReadHtmlCacheBehavior [ RunTime:0.000328s ]
INFO: Run Behavior\CheckLangBehavior [ RunTime:0.000537s ]
INFO: [ app_begin ] --END-- [ RunTime:0.000923s ]
INFO: [ app_end ] --START--
INFO: Run Behavior\ShowPageTraceBehavior [ RunTime:0.000378s ]
INFO: [ app_end ] --END-- [ RunTime:0.000415s ]

[ 2019-04-30T17:05:22+08:00 ] 192.168.9.69 /hp/device/InternalPages/Index?id=ConfigurationPage
INFO: [ app_init ] --START--
INFO: Run Behavior\BuildLiteBehavior [ RunTime:0.000011s ]
INFO: [ app_init ] --END-- [ RunTime:0.000282s ]
INFO: [ app_begin ] --START--
INFO: Run Behavior\ReadHtmlCacheBehavior [ RunTime:0.000366s ]
INFO: Run Behavior\CheckLangBehavior [ RunTime:0.000534s ]
INFO: [ app_begin ] --END-- [ RunTime:0.000957s ]
ERR: 无法加载控制器:Hp

[ 2019-04-30T18:41:24+08:00 ] 104.152.52.60 /
INFO: [ app_init ] --START--
INFO: Run Behavior\BuildLiteBehavior [ RunTime:0.000010s ]
INFO: [ app_init ] --END-- [ RunTime:0.000253s ]
INFO: [ app_begin ] --START--
INFO: Run Behavior\ReadHtmlCacheBehavior [ RunTime:0.000353s ]
INFO: Run Behavior\CheckLangBehavior [ RunTime:0.000514s ]
INFO: [ app_begin ] --END-- [ RunTime:0.000925s ]
INFO: [ app_end ] --START--
INFO: Run Behavior\ShowPageTraceBehavior [ RunTime:0.000371s ]
INFO: [ app_end ] --END-- [ RunTime:0.000409s ]

[ 2019-04-30T19:23:17+08:00 ] 192.241.226.241 /
INFO: [ app_init ] --START--
INFO: Run Behavior\BuildLiteBehavior [ RunTime:0.000010s ]
INFO: [ app_init ] --END-- [ RunTime:0.000249s ]
INFO: [ app_begin ] --START--
INFO: Run Behavior\ReadHtmlCacheBehavior [ RunTime:0.000322s ]
INFO: Run Behavior\CheckLangBehavior [ RunTime:0.000528s ]
INFO: [ app_begin ] --END-- [ RunTime:0.000907s ]
INFO: [ app_end ] --START--
INFO: Run Behavior\ShowPageTraceBehavior [ RunTime:0.000352s ]
INFO: [ app_end ] --END-- [ RunTime:0.000388s ]

